<?xml version="1.0" encoding="UTF-8"?>
<testsuite name="com.Predvca.lab01.MainTest" tests="2" skipped="0" failures="0" errors="0" timestamp="2025-03-04T14:43:13" hostname="FUNNY-MINI" time="0.023">
  <properties/>
  <testcase name="testSpecialChar()" classname="com.Predvca.lab01.MainTest" time="0.021"/>
  <testcase name="testConcatenare()" classname="com.Predvca.lab01.MainTest" time="0.0"/>
  <system-out><![CDATA[]]></system-out>
  <system-err><![CDATA[]]></system-err>
</testsuite>
